2023-09-26 15:02:07 (INFO) Logged into: H Successfully
2023-09-29 23:30:41 (INFO) Logged into (H) Successfully
2023-09-29 23:33:28 (INFO) Logged into (H) Successfully
2023-09-29 23:42:27 (INFO) Logged into (H) Successfully
2023-09-30 00:06:18 (INFO) Logged into (H) Successfully
2024-08-25 18:21:55 (ERROR) Could not find settingsicon.png
2024-08-25 18:21:58 (ERROR) Could not find settingsicon.png
2024-08-26 14:27:53 (ERROR) Could not find settingsicon.png
2024-08-26 14:27:56 (ERROR) Could not find settingsicon.png
2024-08-26 14:29:22 (ERROR) Could not find settingsicon.png
2024-08-26 14:29:24 (ERROR) Could not find settingsicon.png
2024-08-26 14:29:35 (INFO) Local account was created: 1234123
2024-08-26 14:29:40 (INFO) Local account was created: 25ysdfghqwer
2024-08-26 14:30:17 (ERROR) Could not find settingsicon.png
2024-08-26 14:30:19 (ERROR) Could not find settingsicon.png
2024-08-26 14:48:46 (ERROR) Could not find settingsicon.png
2024-08-26 14:48:49 (ERROR) Could not find settingsicon.png
2024-08-26 14:48:55 (INFO) Local account was created: 1
2024-08-26 14:48:57 (INFO) Successfully connected to local database
2024-08-27 13:43:30 (ERROR) Could not find settingsicon.png
2024-08-27 16:32:38 (ERROR) Could not find settingsicon.png
2024-08-27 16:32:40 (ERROR) Could not find settingsicon.png
2024-08-27 16:34:02 (ERROR) Could not find settingsicon.png
2024-08-27 16:34:04 (ERROR) Could not find settingsicon.png
2024-08-27 16:35:11 (ERROR) Could not find settingsicon.png
2024-08-27 16:35:12 (ERROR) Could not find settingsicon.png
2024-08-27 16:38:06 (ERROR) Could not find settingsicon.png
2024-08-27 16:38:09 (ERROR) Could not find settingsicon.png
2024-08-27 16:38:12 (ERROR) User tried to run an operation but the required 'Username' field was empty
2024-08-27 16:38:12 (ERROR) User tried to run an operation but the required 'Password' field was empty
2024-08-27 16:38:19 (ERROR) User tried to run an operation but the required 'Username' field had special character/space: '$'
2024-08-27 16:38:19 (ERROR) User tried to run an operation but the required 'Password' field was empty
2024-08-27 16:38:27 (ERROR) User tried to run an operation but the required 'Username' field had special character/space: ' '
2024-08-27 16:38:27 (ERROR) User tried to run an operation but the required 'Password' field was empty
2024-08-27 16:38:32 (ERROR) User tried to run an operation but the required 'Password' field was empty
2024-08-27 16:38:43 (INFO) Local account was created: 123
2024-08-27 16:46:19 (ERROR) Could not find settingsicon.png
2024-08-27 16:46:21 (ERROR) Could not find settingsicon.png
2024-08-27 16:46:41 (ERROR) User tried to run an operation but the required 'Username' field had too many characters (maximum = 30)
2024-08-27 16:46:51 (ERROR) User tried to run an operation but the required 'Username' field had too many characters (maximum = 30)
2024-08-27 16:46:51 (INFO) Local account was created: 111111111111111111111111111111111111111111111113124345235234534647568572341241342534645674578569679
2024-08-27 16:48:12 (ERROR) Could not find settingsicon.png
2024-08-27 16:48:14 (ERROR) Could not find settingsicon.png
2024-08-27 16:48:27 (ERROR) User tried to run an operation but the required 'Username' field had too many characters (maximum = 30)
2024-08-27 16:48:38 (ERROR) User tried to run an operation but the required 'Username' field had too many characters (maximum = 30)
2024-08-27 16:48:39 (ERROR) User tried to run an operation but the required 'Username' field had too many characters (maximum = 30)
2024-08-27 16:48:40 (ERROR) User tried to run an operation but the required 'Username' field had too many characters (maximum = 30)
2024-08-27 16:48:40 (ERROR) User tried to run an operation but the required 'Username' field had too many characters (maximum = 30)
2024-08-27 16:48:41 (ERROR) User tried to run an operation but the required 'Username' field had too many characters (maximum = 30)
2024-08-27 16:48:41 (ERROR) User tried to run an operation but the required 'Username' field had too many characters (maximum = 30)
2024-08-27 16:48:41 (ERROR) User tried to run an operation but the required 'Username' field had too many characters (maximum = 30)
2024-08-27 16:48:41 (ERROR) User tried to run an operation but the required 'Username' field had too many characters (maximum = 30)
2024-08-27 16:48:41 (ERROR) User tried to run an operation but the required 'Username' field had too many characters (maximum = 30)
2024-08-27 16:48:41 (ERROR) User tried to run an operation but the required 'Username' field had too many characters (maximum = 30)
2024-08-27 16:48:41 (ERROR) User tried to run an operation but the required 'Username' field had too many characters (maximum = 30)
2024-08-27 16:48:41 (ERROR) User tried to run an operation but the required 'Username' field had too many characters (maximum = 30)
2024-08-27 16:48:42 (ERROR) User tried to run an operation but the required 'Username' field had too many characters (maximum = 30)
2024-08-27 16:48:42 (ERROR) User tried to run an operation but the required 'Username' field had too many characters (maximum = 30)
2024-08-27 16:48:42 (ERROR) User tried to run an operation but the required 'Username' field had too many characters (maximum = 30)
2024-08-27 16:48:42 (ERROR) User tried to run an operation but the required 'Username' field had too many characters (maximum = 30)
2024-08-27 16:48:42 (ERROR) User tried to run an operation but the required 'Username' field had too many characters (maximum = 30)
2024-08-27 16:48:42 (ERROR) User tried to run an operation but the required 'Username' field had too many characters (maximum = 30)
2024-08-27 16:48:42 (ERROR) User tried to run an operation but the required 'Username' field had too many characters (maximum = 30)
2024-08-27 16:48:42 (ERROR) User tried to run an operation but the required 'Username' field had too many characters (maximum = 30)
2024-08-27 16:48:42 (ERROR) User tried to run an operation but the required 'Username' field had too many characters (maximum = 30)
2024-08-27 16:48:42 (ERROR) User tried to run an operation but the required 'Username' field had too many characters (maximum = 30)
2024-08-27 16:48:42 (ERROR) User tried to run an operation but the required 'Username' field had too many characters (maximum = 30)
2024-08-27 16:48:43 (ERROR) User tried to run an operation but the required 'Username' field had too many characters (maximum = 30)
2024-08-27 16:48:43 (ERROR) User tried to run an operation but the required 'Username' field had too many characters (maximum = 30)
2024-08-27 16:48:43 (ERROR) User tried to run an operation but the required 'Username' field had too many characters (maximum = 30)
2024-08-27 16:48:43 (ERROR) User tried to run an operation but the required 'Username' field had too many characters (maximum = 30)
2024-08-27 16:48:43 (ERROR) User tried to run an operation but the required 'Username' field had too many characters (maximum = 30)
2024-08-27 16:48:43 (ERROR) User tried to run an operation but the required 'Username' field had too many characters (maximum = 30)
2024-08-27 16:48:43 (ERROR) User tried to run an operation but the required 'Username' field had too many characters (maximum = 30)
2024-08-27 16:48:43 (ERROR) User tried to run an operation but the required 'Username' field had too many characters (maximum = 30)
2024-08-27 16:48:43 (ERROR) User tried to run an operation but the required 'Username' field had too many characters (maximum = 30)
2024-08-27 16:48:43 (ERROR) User tried to run an operation but the required 'Username' field had too many characters (maximum = 30)
2024-08-27 16:48:44 (ERROR) User tried to run an operation but the required 'Username' field had too many characters (maximum = 30)
2024-08-27 16:48:44 (ERROR) User tried to run an operation but the required 'Username' field had too many characters (maximum = 30)
2024-08-27 16:48:44 (ERROR) User tried to run an operation but the required 'Username' field had too many characters (maximum = 30)
2024-08-27 16:48:44 (ERROR) User tried to run an operation but the required 'Username' field had too many characters (maximum = 30)
2024-08-27 16:48:44 (ERROR) User tried to run an operation but the required 'Username' field had too many characters (maximum = 30)
2024-08-27 16:48:44 (ERROR) User tried to run an operation but the required 'Username' field had too many characters (maximum = 30)
2024-08-27 16:48:44 (ERROR) User tried to run an operation but the required 'Username' field had too many characters (maximum = 30)
2024-08-27 16:48:44 (ERROR) User tried to run an operation but the required 'Username' field had too many characters (maximum = 30)
2024-08-27 16:48:44 (ERROR) User tried to run an operation but the required 'Username' field had too many characters (maximum = 30)
2024-08-27 16:48:44 (ERROR) User tried to run an operation but the required 'Username' field had too many characters (maximum = 30)
2024-08-27 16:48:45 (ERROR) User tried to run an operation but the required 'Username' field had too many characters (maximum = 30)
2024-08-27 16:48:45 (ERROR) User tried to run an operation but the required 'Username' field had too many characters (maximum = 30)
2024-08-27 16:48:45 (ERROR) User tried to run an operation but the required 'Username' field had too many characters (maximum = 30)
2024-08-27 16:48:45 (ERROR) User tried to run an operation but the required 'Username' field had too many characters (maximum = 30)
2024-08-27 16:48:45 (ERROR) User tried to run an operation but the required 'Username' field had too many characters (maximum = 30)
2024-08-27 16:48:45 (ERROR) User tried to run an operation but the required 'Username' field had too many characters (maximum = 30)
2024-08-27 16:48:45 (ERROR) User tried to run an operation but the required 'Username' field had too many characters (maximum = 30)
2024-08-27 16:48:45 (ERROR) User tried to run an operation but the required 'Username' field had too many characters (maximum = 30)
2024-08-27 16:48:45 (ERROR) User tried to run an operation but the required 'Username' field had too many characters (maximum = 30)
2024-08-27 16:48:45 (ERROR) User tried to run an operation but the required 'Username' field had too many characters (maximum = 30)
2024-08-27 16:48:46 (ERROR) User tried to run an operation but the required 'Username' field had too many characters (maximum = 30)
2024-08-27 16:48:46 (ERROR) User tried to run an operation but the required 'Username' field had too many characters (maximum = 30)
2024-08-27 16:48:46 (ERROR) User tried to run an operation but the required 'Username' field had too many characters (maximum = 30)
2024-08-27 16:48:46 (ERROR) User tried to run an operation but the required 'Username' field had too many characters (maximum = 30)
2024-08-27 16:48:46 (ERROR) User tried to run an operation but the required 'Username' field had too many characters (maximum = 30)
2024-08-27 16:48:46 (ERROR) User tried to run an operation but the required 'Username' field had too many characters (maximum = 30)
2024-08-27 16:48:46 (ERROR) User tried to run an operation but the required 'Username' field had too many characters (maximum = 30)
2024-08-27 16:48:46 (ERROR) User tried to run an operation but the required 'Username' field had too many characters (maximum = 30)
2024-08-27 16:48:46 (ERROR) User tried to run an operation but the required 'Username' field had too many characters (maximum = 30)
2024-08-27 16:48:47 (ERROR) User tried to run an operation but the required 'Username' field had too many characters (maximum = 30)
2024-08-27 16:48:47 (ERROR) User tried to run an operation but the required 'Username' field had too many characters (maximum = 30)
2024-08-27 16:48:47 (ERROR) User tried to run an operation but the required 'Username' field had too many characters (maximum = 30)
2024-08-27 16:48:47 (ERROR) User tried to run an operation but the required 'Username' field had too many characters (maximum = 30)
2024-08-27 16:48:47 (ERROR) User tried to run an operation but the required 'Username' field had too many characters (maximum = 30)
2024-08-27 16:48:47 (ERROR) User tried to run an operation but the required 'Username' field had too many characters (maximum = 30)
2024-08-27 16:48:51 (ERROR) User tried to run an operation but the required 'Username' field had too many characters (maximum = 30)
2024-08-27 16:48:51 (ERROR) User tried to run an operation but the required 'Username' field had too many characters (maximum = 30)
2024-08-27 16:48:51 (ERROR) User tried to run an operation but the required 'Username' field had too many characters (maximum = 30)
2024-08-27 16:48:51 (ERROR) User tried to run an operation but the required 'Username' field had too many characters (maximum = 30)
2024-08-27 16:48:51 (ERROR) User tried to run an operation but the required 'Username' field had too many characters (maximum = 30)
2024-08-27 16:48:52 (ERROR) User tried to run an operation but the required 'Username' field had too many characters (maximum = 30)
2024-08-27 16:48:52 (ERROR) User tried to run an operation but the required 'Username' field had too many characters (maximum = 30)
2024-08-27 16:48:52 (ERROR) User tried to run an operation but the required 'Username' field had too many characters (maximum = 30)
2024-08-27 16:48:52 (ERROR) User tried to run an operation but the required 'Username' field had too many characters (maximum = 30)
2024-08-27 16:48:52 (ERROR) User tried to run an operation but the required 'Username' field had too many characters (maximum = 30)
2024-08-27 16:48:52 (ERROR) User tried to run an operation but the required 'Username' field had too many characters (maximum = 30)
2024-08-27 16:48:52 (ERROR) User tried to run an operation but the required 'Username' field had too many characters (maximum = 30)
2024-08-27 16:48:52 (ERROR) User tried to run an operation but the required 'Username' field had too many characters (maximum = 30)
2024-08-27 16:48:52 (ERROR) User tried to run an operation but the required 'Username' field had too many characters (maximum = 30)
2024-08-27 16:48:52 (ERROR) User tried to run an operation but the required 'Username' field had too many characters (maximum = 30)
2024-08-27 16:48:52 (ERROR) User tried to run an operation but the required 'Username' field had too many characters (maximum = 30)
2024-08-27 16:48:53 (ERROR) User tried to run an operation but the required 'Username' field had too many characters (maximum = 30)
2024-08-27 16:48:53 (ERROR) User tried to run an operation but the required 'Username' field had too many characters (maximum = 30)
2024-08-27 16:48:53 (ERROR) User tried to run an operation but the required 'Username' field had too many characters (maximum = 30)
2024-08-27 16:48:54 (ERROR) User tried to run an operation but the required 'Username' field had too many characters (maximum = 30)
2024-08-27 16:48:54 (ERROR) User tried to run an operation but the required 'Username' field had too many characters (maximum = 30)
2024-08-27 16:48:54 (ERROR) User tried to run an operation but the required 'Username' field had too many characters (maximum = 30)
2024-08-27 16:48:54 (ERROR) User tried to run an operation but the required 'Username' field had too many characters (maximum = 30)
2024-08-27 16:48:54 (ERROR) User tried to run an operation but the required 'Username' field had too many characters (maximum = 30)
2024-08-27 16:48:55 (ERROR) User tried to run an operation but the required 'Username' field had too many characters (maximum = 30)
2024-08-27 16:48:55 (ERROR) User tried to run an operation but the required 'Username' field had too many characters (maximum = 30)
2024-08-27 16:48:55 (ERROR) User tried to run an operation but the required 'Username' field had too many characters (maximum = 30)
2024-08-27 16:48:55 (ERROR) User tried to run an operation but the required 'Username' field had too many characters (maximum = 30)
2024-08-27 16:48:55 (ERROR) User tried to run an operation but the required 'Username' field had too many characters (maximum = 30)
2024-08-27 16:48:55 (ERROR) User tried to run an operation but the required 'Username' field had too many characters (maximum = 30)
2024-08-27 16:48:55 (ERROR) User tried to run an operation but the required 'Username' field had too many characters (maximum = 30)
2024-08-27 16:48:55 (ERROR) User tried to run an operation but the required 'Username' field had too many characters (maximum = 30)
2024-08-27 16:48:55 (ERROR) User tried to run an operation but the required 'Username' field had too many characters (maximum = 30)
2024-08-27 16:48:56 (ERROR) User tried to run an operation but the required 'Username' field had too many characters (maximum = 30)
2024-08-27 16:48:56 (ERROR) User tried to run an operation but the required 'Username' field had too many characters (maximum = 30)
2024-08-27 16:48:56 (ERROR) User tried to run an operation but the required 'Username' field had too many characters (maximum = 30)
2024-08-27 16:48:56 (ERROR) User tried to run an operation but the required 'Username' field had too many characters (maximum = 30)
2024-08-27 16:48:56 (ERROR) User tried to run an operation but the required 'Username' field had too many characters (maximum = 30)
2024-08-27 16:48:56 (ERROR) User tried to run an operation but the required 'Username' field had too many characters (maximum = 30)
2024-08-27 16:48:56 (ERROR) User tried to run an operation but the required 'Username' field had too many characters (maximum = 30)
2024-08-27 16:48:56 (ERROR) User tried to run an operation but the required 'Username' field had too many characters (maximum = 30)
2024-08-27 16:48:57 (ERROR) User tried to run an operation but the required 'Username' field had too many characters (maximum = 30)
